<?xml version="1.0" encoding="UTF-8"?>
<!-- Generated by org.testng.reporters.JUnitReportReporter -->
<testsuite hostname="DESKTOP-4VQABCR" failures="0" tests="6" name="TestCases.TC003_LoginDDT" time="134.462" errors="0" timestamp="2024-12-30T13:05:28 IST" skipped="0">
  <testcase classname="TestCases.TC003_LoginDDT" name="Verify_loginDDT" time="31.890"/>
  <system-out/>
  <testcase classname="TestCases.TC003_LoginDDT" name="Verify_loginDDT" time="32.316"/>
  <system-out/>
  <testcase classname="TestCases.TC003_LoginDDT" name="Verify_loginDDT" time="3.159"/>
  <system-out/>
  <testcase classname="TestCases.TC003_LoginDDT" name="Verify_loginDDT" time="31.868"/>
  <system-out/>
  <testcase classname="TestCases.TC003_LoginDDT" name="Verify_loginDDT" time="31.910"/>
  <system-out/>
  <testcase classname="TestCases.TC003_LoginDDT" name="Verify_loginDDT" time="3.319"/>
  <system-out/>
</testsuite> <!-- TestCases.TC003_LoginDDT -->
