<?xml version="1.0" encoding="UTF-8"?>
<!-- Generated by org.testng.reporters.JUnitReportReporter -->
<testsuite hostname="DESKTOP-4VQABCR" failures="0" tests="1" name="TestCases.TC001_AccountregistrationTest" time="7.032" errors="0" timestamp="2025-01-08T13:13:15 IST" skipped="0">
  <testcase classname="TestCases.TC001_AccountregistrationTest" name="Verify_HomePage_Logo" time="7.032"/>
  <system-out/>
</testsuite> <!-- TestCases.TC001_AccountregistrationTest -->
