<?xml version="1.0" encoding="UTF-8"?>
<!-- Generated by org.testng.reporters.JUnitReportReporter -->
<testsuite hostname="DESKTOP-4VQABCR" failures="0" tests="1" name="TestBase.TC001_HomePageTest" time="0.283" errors="0" timestamp="2024-12-04T11:50:45 IST" skipped="0">
  <testcase classname="TestBase.TC001_HomePageTest" name="Verify_HomePage_Logo" time="0.283"/>
  <system-out/>
</testsuite> <!-- TestBase.TC001_HomePageTest -->
